<?xml version="1.0" encoding="UTF-8"?>
<testsuite xmlns:xsi="http://www.w3.org/2001/XMLSchema-instance" xsi:schemaLocation="https://maven.apache.org/surefire/maven-surefire-plugin/xsd/surefire-test-report.xsd" name="TestSuite" time="2.247" tests="3" errors="0" skipped="0" failures="1">
  <properties>
[...]
</properties>
  <testcase name="method2" classname="com.StringJava.App" time="0.01"/>
  <testcase name="revers" classname="com.StringJava.IntConcept" time="0"/>
  <testcase name="reverseINT_VAL" classname="com.StringJava.IntConcept" time="0.01">
    <failure message="/ by zero" type="java.lang.ArithmeticException">java.lang.ArithmeticException: / by zero
	at com.StringJava.IntConcept.reverseINT_VAL(IntConcept.java:16)
</failure>
    <system-out><![CDATA[kamal krishna Yadav
]]></system-out>
  </testcase>
</testsuite>